<?xml version="1.0" encoding="UTF-8"?>
<testng-results skipped="0" failed="0" ignored="0" total="1" passed="1">
  <reporter-output>
  </reporter-output>
  <suite name="Suite" duration-ms="280783" started-at="2021-06-09T14:43:45Z" finished-at="2021-06-09T14:48:26Z">
    <groups>
    </groups>
    <test name="Test" duration-ms="280783" started-at="2021-06-09T14:43:45Z" finished-at="2021-06-09T14:48:26Z">
      <class name="com.hema.madhuri.selenium.maven.Testdemo">
        <test-method status="PASS" signature="demo()[pri:0, instance:com.hema.madhuri.selenium.maven.Testdemo@75c072cb]" name="demo" duration-ms="280685" started-at="2021-06-09T14:43:45Z" finished-at="2021-06-09T14:48:26Z">
          <reporter-output>
          </reporter-output>
        </test-method> <!-- demo -->
      </class> <!-- com.hema.madhuri.selenium.maven.Testdemo -->
    </test> <!-- Test -->
  </suite> <!-- Suite -->
</testng-results>
