<?xml version="1.0" encoding="UTF-8"?>
<testng-results skipped="0" failed="0" ignored="0" total="1" passed="1">
  <reporter-output>
  </reporter-output>
  <suite name="Default suite" duration-ms="138076" started-at="2021-06-09T08:30:58Z" finished-at="2021-06-09T08:33:16Z">
    <groups>
    </groups>
    <test name="Default test" duration-ms="138076" started-at="2021-06-09T08:30:58Z" finished-at="2021-06-09T08:33:16Z">
      <class name="com.hema.madhuri.selenium.maven.Testdemo">
        <test-method status="PASS" signature="demo()[pri:0, instance:com.hema.madhuri.selenium.maven.Testdemo@2f112965]" name="demo" duration-ms="137897" started-at="2021-06-09T08:30:58Z" finished-at="2021-06-09T08:33:16Z">
          <reporter-output>
          </reporter-output>
        </test-method> <!-- demo -->
      </class> <!-- com.hema.madhuri.selenium.maven.Testdemo -->
    </test> <!-- Default test -->
  </suite> <!-- Default suite -->
</testng-results>
